<?xml version="1.0" encoding="UTF-8"?>
<!-- Generated by org.testng.reporters.JUnitReportReporter -->
<testsuite hostname="Mds-MacBook-Pro.attlocal.net" failures="0" tests="2" name="ebayTests.signInTest" time="20.473" errors="0" timestamp="24 Mar 2019 16:00:57 GMT" skipped="0">
  <testcase classname="ebayTests.signInTest" name="registerTest" time="9.694"/>
  <testcase classname="ebayTests.signInTest" name="signInTest" time="10.779"/>
</testsuite> <!-- ebayTests.signInTest -->
