<?xml version="1.0" encoding="UTF-8"?>
<!-- Generated by org.testng.reporters.JUnitReportReporter -->
<testsuite hostname="Mds-MacBook-Pro.attlocal.net" failures="0" tests="1" name="ebayTests.PurchseTest" time="16.853" errors="0" timestamp="24 Mar 2019 16:00:57 GMT" skipped="0">
  <testcase classname="ebayTests.PurchseTest" name="purchaseAnItemTest" time="16.853"/>
</testsuite> <!-- ebayTests.PurchseTest -->
